Performing C++ SOURCE FILE Test CMAKE_HAVE_LIBC_PTHREAD failed with the following output:
Change Dir: /home/sensetime/ws/unified-senseauto/sensetime-main/LiDAR-SLAM/3rdparty/glog/build/CMakeFiles/CMakeTmp

Run Build Command(s):/usr/bin/make -f Makefile cmTC_673f2/fast && /usr/bin/make  -f CMakeFiles/cmTC_673f2.dir/build.make CMakeFiles/cmTC_673f2.dir/build
make[1]: Entering directory '/home/sensetime/ws/unified-senseauto/sensetime-main/LiDAR-SLAM/3rdparty/glog/build/CMakeFiles/CMakeTmp'
Building CXX object CMakeFiles/cmTC_673f2.dir/src.cxx.o
/usr/bin/c++ -DCMAKE_HAVE_LIBC_PTHREAD  -fPIE -o CMakeFiles/cmTC_673f2.dir/src.cxx.o -c /home/sensetime/ws/unified-senseauto/sensetime-main/LiDAR-SLAM/3rdparty/glog/build/CMakeFiles/CMakeTmp/src.cxx
Linking CXX executable cmTC_673f2
/usr/local/lib/python3.5/dist-packages/cmake/data/bin/cmake -E cmake_link_script CMakeFiles/cmTC_673f2.dir/link.txt --verbose=1
/usr/bin/c++ CMakeFiles/cmTC_673f2.dir/src.cxx.o -o cmTC_673f2 
CMakeFiles/cmTC_673f2.dir/src.cxx.o: In function `main':
src.cxx:(.text+0x3e): undefined reference to `pthread_create'
src.cxx:(.text+0x4a): undefined reference to `pthread_detach'
src.cxx:(.text+0x56): undefined reference to `pthread_cancel'
src.cxx:(.text+0x67): undefined reference to `pthread_join'
src.cxx:(.text+0x7b): undefined reference to `pthread_atfork'
collect2: error: ld returned 1 exit status
CMakeFiles/cmTC_673f2.dir/build.make:98: recipe for target 'cmTC_673f2' failed
make[1]: *** [cmTC_673f2] Error 1
make[1]: Leaving directory '/home/sensetime/ws/unified-senseauto/sensetime-main/LiDAR-SLAM/3rdparty/glog/build/CMakeFiles/CMakeTmp'
Makefile:127: recipe for target 'cmTC_673f2/fast' failed
make: *** [cmTC_673f2/fast] Error 2


Source file was:
#include <pthread.h>

static void* test_func(void* data)
{
  return data;
}

int main(void)
{
  pthread_t thread;
  pthread_create(&thread, NULL, test_func, NULL);
  pthread_detach(thread);
  pthread_cancel(thread);
  pthread_join(thread, NULL);
  pthread_atfork(NULL, NULL, NULL);
  pthread_exit(NULL);

  return 0;
}

Determining if the function pthread_create exists in the pthreads failed with the following output:
Change Dir: /home/sensetime/ws/unified-senseauto/sensetime-main/LiDAR-SLAM/3rdparty/glog/build/CMakeFiles/CMakeTmp

Run Build Command(s):/usr/bin/make -f Makefile cmTC_33d63/fast && /usr/bin/make  -f CMakeFiles/cmTC_33d63.dir/build.make CMakeFiles/cmTC_33d63.dir/build
make[1]: Entering directory '/home/sensetime/ws/unified-senseauto/sensetime-main/LiDAR-SLAM/3rdparty/glog/build/CMakeFiles/CMakeTmp'
Building CXX object CMakeFiles/cmTC_33d63.dir/CheckFunctionExists.cxx.o
/usr/bin/c++   -DCHECK_FUNCTION_EXISTS=pthread_create -fPIE -o CMakeFiles/cmTC_33d63.dir/CheckFunctionExists.cxx.o -c /home/sensetime/ws/unified-senseauto/sensetime-main/LiDAR-SLAM/3rdparty/glog/build/CMakeFiles/CheckLibraryExists/CheckFunctionExists.cxx
Linking CXX executable cmTC_33d63
/usr/local/lib/python3.5/dist-packages/cmake/data/bin/cmake -E cmake_link_script CMakeFiles/cmTC_33d63.dir/link.txt --verbose=1
/usr/bin/c++  -DCHECK_FUNCTION_EXISTS=pthread_create CMakeFiles/cmTC_33d63.dir/CheckFunctionExists.cxx.o -o cmTC_33d63  -lpthreads 
/usr/bin/ld: cannot find -lpthreads
collect2: error: ld returned 1 exit status
CMakeFiles/cmTC_33d63.dir/build.make:98: recipe for target 'cmTC_33d63' failed
make[1]: *** [cmTC_33d63] Error 1
make[1]: Leaving directory '/home/sensetime/ws/unified-senseauto/sensetime-main/LiDAR-SLAM/3rdparty/glog/build/CMakeFiles/CMakeTmp'
Makefile:127: recipe for target 'cmTC_33d63/fast' failed
make: *** [cmTC_33d63/fast] Error 2



Determining if the include file unordered_map exists failed with the following output:
Change Dir: /home/sensetime/ws/unified-senseauto/sensetime-main/LiDAR-SLAM/3rdparty/glog/build/CMakeFiles/CMakeTmp

Run Build Command(s):/usr/bin/make -f Makefile cmTC_ef652/fast && /usr/bin/make  -f CMakeFiles/cmTC_ef652.dir/build.make CMakeFiles/cmTC_ef652.dir/build
make[1]: Entering directory '/home/sensetime/ws/unified-senseauto/sensetime-main/LiDAR-SLAM/3rdparty/glog/build/CMakeFiles/CMakeTmp'
Building CXX object CMakeFiles/cmTC_ef652.dir/CheckIncludeFile.cxx.o
/usr/bin/c++   -fPIE -o CMakeFiles/cmTC_ef652.dir/CheckIncludeFile.cxx.o -c /home/sensetime/ws/unified-senseauto/sensetime-main/LiDAR-SLAM/3rdparty/glog/build/CMakeFiles/CMakeTmp/CheckIncludeFile.cxx
In file included from /usr/include/c++/5/unordered_map:35:0,
                 from /home/sensetime/ws/unified-senseauto/sensetime-main/LiDAR-SLAM/3rdparty/glog/build/CMakeFiles/CMakeTmp/CheckIncludeFile.cxx:1:
/usr/include/c++/5/bits/c++0x_warning.h:32:2: error: #error This file requires compiler and library support for the ISO C++ 2011 standard. This support must be enabled with the -std=c++11 or -std=gnu++11 compiler options.
 #error This file requires compiler and library support \
  ^
CMakeFiles/cmTC_ef652.dir/build.make:77: recipe for target 'CMakeFiles/cmTC_ef652.dir/CheckIncludeFile.cxx.o' failed
make[1]: *** [CMakeFiles/cmTC_ef652.dir/CheckIncludeFile.cxx.o] Error 1
make[1]: Leaving directory '/home/sensetime/ws/unified-senseauto/sensetime-main/LiDAR-SLAM/3rdparty/glog/build/CMakeFiles/CMakeTmp'
Makefile:127: recipe for target 'cmTC_ef652/fast' failed
make: *** [cmTC_ef652/fast] Error 2



Determining if the include file unordered_set exists failed with the following output:
Change Dir: /home/sensetime/ws/unified-senseauto/sensetime-main/LiDAR-SLAM/3rdparty/glog/build/CMakeFiles/CMakeTmp

Run Build Command(s):/usr/bin/make -f Makefile cmTC_1481b/fast && /usr/bin/make  -f CMakeFiles/cmTC_1481b.dir/build.make CMakeFiles/cmTC_1481b.dir/build
make[1]: Entering directory '/home/sensetime/ws/unified-senseauto/sensetime-main/LiDAR-SLAM/3rdparty/glog/build/CMakeFiles/CMakeTmp'
Building CXX object CMakeFiles/cmTC_1481b.dir/CheckIncludeFile.cxx.o
/usr/bin/c++   -fPIE -o CMakeFiles/cmTC_1481b.dir/CheckIncludeFile.cxx.o -c /home/sensetime/ws/unified-senseauto/sensetime-main/LiDAR-SLAM/3rdparty/glog/build/CMakeFiles/CMakeTmp/CheckIncludeFile.cxx
In file included from /usr/include/c++/5/unordered_set:35:0,
                 from /home/sensetime/ws/unified-senseauto/sensetime-main/LiDAR-SLAM/3rdparty/glog/build/CMakeFiles/CMakeTmp/CheckIncludeFile.cxx:1:
/usr/include/c++/5/bits/c++0x_warning.h:32:2: error: #error This file requires compiler and library support for the ISO C++ 2011 standard. This support must be enabled with the -std=c++11 or -std=gnu++11 compiler options.
 #error This file requires compiler and library support \
  ^
CMakeFiles/cmTC_1481b.dir/build.make:77: recipe for target 'CMakeFiles/cmTC_1481b.dir/CheckIncludeFile.cxx.o' failed
make[1]: *** [CMakeFiles/cmTC_1481b.dir/CheckIncludeFile.cxx.o] Error 1
make[1]: Leaving directory '/home/sensetime/ws/unified-senseauto/sensetime-main/LiDAR-SLAM/3rdparty/glog/build/CMakeFiles/CMakeTmp'
Makefile:127: recipe for target 'cmTC_1481b/fast' failed
make: *** [cmTC_1481b/fast] Error 2



Determining size of unsigned __int16 failed with the following output:
Change Dir: /home/sensetime/ws/unified-senseauto/sensetime-main/LiDAR-SLAM/3rdparty/glog/build/CMakeFiles/CMakeTmp

Run Build Command(s):/usr/bin/make -f Makefile cmTC_b27e5/fast && /usr/bin/make  -f CMakeFiles/cmTC_b27e5.dir/build.make CMakeFiles/cmTC_b27e5.dir/build
make[1]: Entering directory '/home/sensetime/ws/unified-senseauto/sensetime-main/LiDAR-SLAM/3rdparty/glog/build/CMakeFiles/CMakeTmp'
Building CXX object CMakeFiles/cmTC_b27e5.dir/HAVE___UINT16.cpp.o
/usr/bin/c++   -fPIE -o CMakeFiles/cmTC_b27e5.dir/HAVE___UINT16.cpp.o -c /home/sensetime/ws/unified-senseauto/sensetime-main/LiDAR-SLAM/3rdparty/glog/build/CMakeFiles/CheckTypeSize/HAVE___UINT16.cpp
/home/sensetime/ws/unified-senseauto/sensetime-main/LiDAR-SLAM/3rdparty/glog/build/CMakeFiles/CheckTypeSize/HAVE___UINT16.cpp:27:22: error: expected primary-expression before ‘unsigned’
 #define SIZE (sizeof(unsigned __int16))
                      ^
/home/sensetime/ws/unified-senseauto/sensetime-main/LiDAR-SLAM/3rdparty/glog/build/CMakeFiles/CheckTypeSize/HAVE___UINT16.cpp:29:12: note: in expansion of macro ‘SIZE’
   ('0' + ((SIZE / 10000)%10)),
            ^
/home/sensetime/ws/unified-senseauto/sensetime-main/LiDAR-SLAM/3rdparty/glog/build/CMakeFiles/CheckTypeSize/HAVE___UINT16.cpp:27:22: error: expected ‘)’ before ‘unsigned’
 #define SIZE (sizeof(unsigned __int16))
                      ^
/home/sensetime/ws/unified-senseauto/sensetime-main/LiDAR-SLAM/3rdparty/glog/build/CMakeFiles/CheckTypeSize/HAVE___UINT16.cpp:29:12: note: in expansion of macro ‘SIZE’
   ('0' + ((SIZE / 10000)%10)),
            ^
/home/sensetime/ws/unified-senseauto/sensetime-main/LiDAR-SLAM/3rdparty/glog/build/CMakeFiles/CheckTypeSize/HAVE___UINT16.cpp:38:7: error: expected ‘)’ before ‘}’ token
   '\0'};
       ^
/home/sensetime/ws/unified-senseauto/sensetime-main/LiDAR-SLAM/3rdparty/glog/build/CMakeFiles/CheckTypeSize/HAVE___UINT16.cpp:38:7: error: expected ‘)’ before ‘}’ token
/home/sensetime/ws/unified-senseauto/sensetime-main/LiDAR-SLAM/3rdparty/glog/build/CMakeFiles/CheckTypeSize/HAVE___UINT16.cpp:38:7: error: expected ‘)’ before ‘}’ token
/home/sensetime/ws/unified-senseauto/sensetime-main/LiDAR-SLAM/3rdparty/glog/build/CMakeFiles/CheckTypeSize/HAVE___UINT16.cpp:38:7: error: expected ‘)’ before ‘}’ token
CMakeFiles/cmTC_b27e5.dir/build.make:77: recipe for target 'CMakeFiles/cmTC_b27e5.dir/HAVE___UINT16.cpp.o' failed
make[1]: *** [CMakeFiles/cmTC_b27e5.dir/HAVE___UINT16.cpp.o] Error 1
make[1]: Leaving directory '/home/sensetime/ws/unified-senseauto/sensetime-main/LiDAR-SLAM/3rdparty/glog/build/CMakeFiles/CMakeTmp'
Makefile:127: recipe for target 'cmTC_b27e5/fast' failed
make: *** [cmTC_b27e5/fast] Error 2


/home/sensetime/ws/unified-senseauto/sensetime-main/LiDAR-SLAM/3rdparty/glog/build/CMakeFiles/CheckTypeSize/HAVE___UINT16.cpp:
#include <sys/types.h>
#include <stdint.h>
#include <stddef.h>


#undef KEY
#if defined(__i386)
# define KEY '_','_','i','3','8','6'
#elif defined(__x86_64)
# define KEY '_','_','x','8','6','_','6','4'
#elif defined(__PPC64__)
# define KEY '_','_','P','P','C','6','4','_','_'
#elif defined(__ppc64__)
# define KEY '_','_','p','p','c','6','4','_','_'
#elif defined(__PPC__)
# define KEY '_','_','P','P','C','_','_'
#elif defined(__ppc__)
# define KEY '_','_','p','p','c','_','_'
#elif defined(__aarch64__)
# define KEY '_','_','a','a','r','c','h','6','4','_','_'
#elif defined(__ARM_ARCH_7A__)
# define KEY '_','_','A','R','M','_','A','R','C','H','_','7','A','_','_'
#elif defined(__ARM_ARCH_7S__)
# define KEY '_','_','A','R','M','_','A','R','C','H','_','7','S','_','_'
#endif

#define SIZE (sizeof(unsigned __int16))
static char info_size[] =  {'I', 'N', 'F', 'O', ':', 's','i','z','e','[',
  ('0' + ((SIZE / 10000)%10)),
  ('0' + ((SIZE / 1000)%10)),
  ('0' + ((SIZE / 100)%10)),
  ('0' + ((SIZE / 10)%10)),
  ('0' +  (SIZE    % 10)),
  ']',
#ifdef KEY
  ' ','k','e','y','[', KEY, ']',
#endif
  '\0'};

#ifdef __CLASSIC_C__
int main(argc, argv) int argc; char *argv[];
#else
int main(int argc, char *argv[])
#endif
{
  int require = 0;
  require += info_size[argc];
  (void)argv;
  return require;
}


Determining if the function dladdr exists failed with the following output:
Change Dir: /home/sensetime/ws/unified-senseauto/sensetime-main/LiDAR-SLAM/3rdparty/glog/build/CMakeFiles/CMakeTmp

Run Build Command(s):/usr/bin/make -f Makefile cmTC_36dfd/fast && /usr/bin/make  -f CMakeFiles/cmTC_36dfd.dir/build.make CMakeFiles/cmTC_36dfd.dir/build
make[1]: Entering directory '/home/sensetime/ws/unified-senseauto/sensetime-main/LiDAR-SLAM/3rdparty/glog/build/CMakeFiles/CMakeTmp'
Building CXX object CMakeFiles/cmTC_36dfd.dir/CheckFunctionExists.cxx.o
/usr/bin/c++   -DCHECK_FUNCTION_EXISTS=dladdr -fPIE -o CMakeFiles/cmTC_36dfd.dir/CheckFunctionExists.cxx.o -c /home/sensetime/ws/unified-senseauto/sensetime-main/LiDAR-SLAM/3rdparty/glog/build/CMakeFiles/CheckFunctionExists/CheckFunctionExists.cxx
Linking CXX executable cmTC_36dfd
/usr/local/lib/python3.5/dist-packages/cmake/data/bin/cmake -E cmake_link_script CMakeFiles/cmTC_36dfd.dir/link.txt --verbose=1
/usr/bin/c++  -DCHECK_FUNCTION_EXISTS=dladdr CMakeFiles/cmTC_36dfd.dir/CheckFunctionExists.cxx.o -o cmTC_36dfd 
CMakeFiles/cmTC_36dfd.dir/CheckFunctionExists.cxx.o: In function `main':
CheckFunctionExists.cxx:(.text+0x10): undefined reference to `dladdr'
collect2: error: ld returned 1 exit status
CMakeFiles/cmTC_36dfd.dir/build.make:98: recipe for target 'cmTC_36dfd' failed
make[1]: *** [cmTC_36dfd] Error 1
make[1]: Leaving directory '/home/sensetime/ws/unified-senseauto/sensetime-main/LiDAR-SLAM/3rdparty/glog/build/CMakeFiles/CMakeTmp'
Makefile:127: recipe for target 'cmTC_36dfd/fast' failed
make: *** [cmTC_36dfd/fast] Error 2



Performing C++ SOURCE FILE Test HAVE_NO_UNNAMED_TYPE_TEMPLATE_ARGS failed with the following output:
Change Dir: /home/sensetime/ws/unified-senseauto/sensetime-main/LiDAR-SLAM/3rdparty/glog/build/CMakeFiles/CMakeTmp

Run Build Command(s):/usr/bin/make -f Makefile cmTC_d853f/fast && /usr/bin/make  -f CMakeFiles/cmTC_d853f.dir/build.make CMakeFiles/cmTC_d853f.dir/build
make[1]: Entering directory '/home/sensetime/ws/unified-senseauto/sensetime-main/LiDAR-SLAM/3rdparty/glog/build/CMakeFiles/CMakeTmp'
Building CXX object CMakeFiles/cmTC_d853f.dir/src.cxx.o
/usr/bin/c++ -DHAVE_NO_UNNAMED_TYPE_TEMPLATE_ARGS  -fPIE   -Wunnamed-type-template-args -o CMakeFiles/cmTC_d853f.dir/src.cxx.o -c /home/sensetime/ws/unified-senseauto/sensetime-main/LiDAR-SLAM/3rdparty/glog/build/CMakeFiles/CMakeTmp/src.cxx
c++: error: unrecognized command line option '-Wunnamed-type-template-args'
CMakeFiles/cmTC_d853f.dir/build.make:77: recipe for target 'CMakeFiles/cmTC_d853f.dir/src.cxx.o' failed
make[1]: *** [CMakeFiles/cmTC_d853f.dir/src.cxx.o] Error 1
make[1]: Leaving directory '/home/sensetime/ws/unified-senseauto/sensetime-main/LiDAR-SLAM/3rdparty/glog/build/CMakeFiles/CMakeTmp'
Makefile:127: recipe for target 'cmTC_d853f/fast' failed
make: *** [cmTC_d853f/fast] Error 2


Source file was:
int main() { return 0; }
Determining if the pthread_threadid_np exist failed with the following output:
Change Dir: /home/sensetime/ws/unified-senseauto/sensetime-main/LiDAR-SLAM/3rdparty/glog/build/CMakeFiles/CMakeTmp

Run Build Command(s):/usr/bin/make -f Makefile cmTC_02ee0/fast && /usr/bin/make  -f CMakeFiles/cmTC_02ee0.dir/build.make CMakeFiles/cmTC_02ee0.dir/build
make[1]: Entering directory '/home/sensetime/ws/unified-senseauto/sensetime-main/LiDAR-SLAM/3rdparty/glog/build/CMakeFiles/CMakeTmp'
Building CXX object CMakeFiles/cmTC_02ee0.dir/CheckSymbolExists.cxx.o
/usr/bin/c++   -fPIE -o CMakeFiles/cmTC_02ee0.dir/CheckSymbolExists.cxx.o -c /home/sensetime/ws/unified-senseauto/sensetime-main/LiDAR-SLAM/3rdparty/glog/build/CMakeFiles/CMakeTmp/CheckSymbolExists.cxx
/home/sensetime/ws/unified-senseauto/sensetime-main/LiDAR-SLAM/3rdparty/glog/build/CMakeFiles/CMakeTmp/CheckSymbolExists.cxx: In function ‘int main(int, char**)’:
/home/sensetime/ws/unified-senseauto/sensetime-main/LiDAR-SLAM/3rdparty/glog/build/CMakeFiles/CMakeTmp/CheckSymbolExists.cxx:8:19: error: ‘pthread_threadid_np’ was not declared in this scope
   return ((int*)(&pthread_threadid_np))[argc];
                   ^
CMakeFiles/cmTC_02ee0.dir/build.make:77: recipe for target 'CMakeFiles/cmTC_02ee0.dir/CheckSymbolExists.cxx.o' failed
make[1]: *** [CMakeFiles/cmTC_02ee0.dir/CheckSymbolExists.cxx.o] Error 1
make[1]: Leaving directory '/home/sensetime/ws/unified-senseauto/sensetime-main/LiDAR-SLAM/3rdparty/glog/build/CMakeFiles/CMakeTmp'
Makefile:127: recipe for target 'cmTC_02ee0/fast' failed
make: *** [cmTC_02ee0/fast] Error 2


File /home/sensetime/ws/unified-senseauto/sensetime-main/LiDAR-SLAM/3rdparty/glog/build/CMakeFiles/CMakeTmp/CheckSymbolExists.cxx:
/* */
#include <pthread.h>

int main(int argc, char** argv)
{
  (void)argv;
#ifndef pthread_threadid_np
  return ((int*)(&pthread_threadid_np))[argc];
#else
  (void)argc;
  return 0;
#endif
}
Determining if the function UnDecorateSymbolName exists in the dbghelp failed with the following output:
Change Dir: /home/sensetime/ws/unified-senseauto/sensetime-main/LiDAR-SLAM/3rdparty/glog/build/CMakeFiles/CMakeTmp

Run Build Command(s):/usr/bin/make -f Makefile cmTC_8e705/fast && /usr/bin/make  -f CMakeFiles/cmTC_8e705.dir/build.make CMakeFiles/cmTC_8e705.dir/build
make[1]: Entering directory '/home/sensetime/ws/unified-senseauto/sensetime-main/LiDAR-SLAM/3rdparty/glog/build/CMakeFiles/CMakeTmp'
Building CXX object CMakeFiles/cmTC_8e705.dir/CheckFunctionExists.cxx.o
/usr/bin/c++   -DCHECK_FUNCTION_EXISTS=UnDecorateSymbolName -fPIE -o CMakeFiles/cmTC_8e705.dir/CheckFunctionExists.cxx.o -c /home/sensetime/ws/unified-senseauto/sensetime-main/LiDAR-SLAM/3rdparty/glog/build/CMakeFiles/CheckLibraryExists/CheckFunctionExists.cxx
Linking CXX executable cmTC_8e705
/usr/local/lib/python3.5/dist-packages/cmake/data/bin/cmake -E cmake_link_script CMakeFiles/cmTC_8e705.dir/link.txt --verbose=1
/usr/bin/c++  -DCHECK_FUNCTION_EXISTS=UnDecorateSymbolName CMakeFiles/cmTC_8e705.dir/CheckFunctionExists.cxx.o -o cmTC_8e705  -ldbghelp 
/usr/bin/ld: cannot find -ldbghelp
collect2: error: ld returned 1 exit status
CMakeFiles/cmTC_8e705.dir/build.make:98: recipe for target 'cmTC_8e705' failed
make[1]: *** [cmTC_8e705] Error 1
make[1]: Leaving directory '/home/sensetime/ws/unified-senseauto/sensetime-main/LiDAR-SLAM/3rdparty/glog/build/CMakeFiles/CMakeTmp'
Makefile:127: recipe for target 'cmTC_8e705/fast' failed
make: *** [cmTC_8e705/fast] Error 2



Performing C++ SOURCE FILE Test HAVE___DECLSPEC failed with the following output:
Change Dir: /home/sensetime/ws/unified-senseauto/sensetime-main/LiDAR-SLAM/3rdparty/glog/build/CMakeFiles/CMakeTmp

Run Build Command(s):/usr/bin/make -f Makefile cmTC_d634f/fast && /usr/bin/make  -f CMakeFiles/cmTC_d634f.dir/build.make CMakeFiles/cmTC_d634f.dir/build
make[1]: Entering directory '/home/sensetime/ws/unified-senseauto/sensetime-main/LiDAR-SLAM/3rdparty/glog/build/CMakeFiles/CMakeTmp'
Building CXX object CMakeFiles/cmTC_d634f.dir/src.cxx.o
/usr/bin/c++ -DHAVE___DECLSPEC  -fPIE -o CMakeFiles/cmTC_d634f.dir/src.cxx.o -c /home/sensetime/ws/unified-senseauto/sensetime-main/LiDAR-SLAM/3rdparty/glog/build/CMakeFiles/CMakeTmp/src.cxx
/home/sensetime/ws/unified-senseauto/sensetime-main/LiDAR-SLAM/3rdparty/glog/build/CMakeFiles/CMakeTmp/src.cxx:2:11: error: expected constructor, destructor, or type conversion before ‘(’ token
 __declspec(selectany) int a;
           ^
CMakeFiles/cmTC_d634f.dir/build.make:77: recipe for target 'CMakeFiles/cmTC_d634f.dir/src.cxx.o' failed
make[1]: *** [CMakeFiles/cmTC_d634f.dir/src.cxx.o] Error 1
make[1]: Leaving directory '/home/sensetime/ws/unified-senseauto/sensetime-main/LiDAR-SLAM/3rdparty/glog/build/CMakeFiles/CMakeTmp'
Makefile:127: recipe for target 'cmTC_d634f/fast' failed
make: *** [cmTC_d634f/fast] Error 2


Source file was:

__declspec(selectany) int a;
int main(void) { return 0; }

Performing C++ SOURCE FILE Test STL_NO_NAMESPACE failed with the following output:
Change Dir: /home/sensetime/ws/unified-senseauto/sensetime-main/LiDAR-SLAM/3rdparty/glog/build/CMakeFiles/CMakeTmp

Run Build Command(s):/usr/bin/make -f Makefile cmTC_fedf4/fast && /usr/bin/make  -f CMakeFiles/cmTC_fedf4.dir/build.make CMakeFiles/cmTC_fedf4.dir/build
make[1]: Entering directory '/home/sensetime/ws/unified-senseauto/sensetime-main/LiDAR-SLAM/3rdparty/glog/build/CMakeFiles/CMakeTmp'
Building CXX object CMakeFiles/cmTC_fedf4.dir/src.cxx.o
/usr/bin/c++ -DSTL_NO_NAMESPACE  -fPIE -o CMakeFiles/cmTC_fedf4.dir/src.cxx.o -c /home/sensetime/ws/unified-senseauto/sensetime-main/LiDAR-SLAM/3rdparty/glog/build/CMakeFiles/CMakeTmp/src.cxx
/home/sensetime/ws/unified-senseauto/sensetime-main/LiDAR-SLAM/3rdparty/glog/build/CMakeFiles/CMakeTmp/src.cxx:3:1: error: ‘vector’ does not name a type
 vector<int> t; int main() { }
 ^
CMakeFiles/cmTC_fedf4.dir/build.make:77: recipe for target 'CMakeFiles/cmTC_fedf4.dir/src.cxx.o' failed
make[1]: *** [CMakeFiles/cmTC_fedf4.dir/src.cxx.o] Error 1
make[1]: Leaving directory '/home/sensetime/ws/unified-senseauto/sensetime-main/LiDAR-SLAM/3rdparty/glog/build/CMakeFiles/CMakeTmp'
Makefile:127: recipe for target 'cmTC_fedf4/fast' failed
make: *** [cmTC_fedf4/fast] Error 2


Source file was:

#include <vector>
vector<int> t; int main() { }

Performing C++ SOURCE FILE Test HAVE_MSVC_TLS failed with the following output:
Change Dir: /home/sensetime/ws/unified-senseauto/sensetime-main/LiDAR-SLAM/3rdparty/glog/build/CMakeFiles/CMakeTmp

Run Build Command(s):/usr/bin/make -f Makefile cmTC_f823a/fast && /usr/bin/make  -f CMakeFiles/cmTC_f823a.dir/build.make CMakeFiles/cmTC_f823a.dir/build
make[1]: Entering directory '/home/sensetime/ws/unified-senseauto/sensetime-main/LiDAR-SLAM/3rdparty/glog/build/CMakeFiles/CMakeTmp'
Building CXX object CMakeFiles/cmTC_f823a.dir/src.cxx.o
/usr/bin/c++ -DHAVE_MSVC_TLS  -fPIE -o CMakeFiles/cmTC_f823a.dir/src.cxx.o -c /home/sensetime/ws/unified-senseauto/sensetime-main/LiDAR-SLAM/3rdparty/glog/build/CMakeFiles/CMakeTmp/src.cxx
/home/sensetime/ws/unified-senseauto/sensetime-main/LiDAR-SLAM/3rdparty/glog/build/CMakeFiles/CMakeTmp/src.cxx:2:11: error: expected constructor, destructor, or type conversion before ‘(’ token
 __declspec(thread) int tls;
           ^
CMakeFiles/cmTC_f823a.dir/build.make:77: recipe for target 'CMakeFiles/cmTC_f823a.dir/src.cxx.o' failed
make[1]: *** [CMakeFiles/cmTC_f823a.dir/src.cxx.o] Error 1
make[1]: Leaving directory '/home/sensetime/ws/unified-senseauto/sensetime-main/LiDAR-SLAM/3rdparty/glog/build/CMakeFiles/CMakeTmp'
Makefile:127: recipe for target 'cmTC_f823a/fast' failed
make: *** [cmTC_f823a/fast] Error 2


Source file was:

__declspec(thread) int tls;
int main() { }

Performing C++ SOURCE FILE Test HAVE_CXX11_TLS failed with the following output:
Change Dir: /home/sensetime/ws/unified-senseauto/sensetime-main/LiDAR-SLAM/3rdparty/glog/build/CMakeFiles/CMakeTmp

Run Build Command(s):/usr/bin/make -f Makefile cmTC_5881d/fast && /usr/bin/make  -f CMakeFiles/cmTC_5881d.dir/build.make CMakeFiles/cmTC_5881d.dir/build
make[1]: Entering directory '/home/sensetime/ws/unified-senseauto/sensetime-main/LiDAR-SLAM/3rdparty/glog/build/CMakeFiles/CMakeTmp'
Building CXX object CMakeFiles/cmTC_5881d.dir/src.cxx.o
/usr/bin/c++ -DHAVE_CXX11_TLS  -fPIE -o CMakeFiles/cmTC_5881d.dir/src.cxx.o -c /home/sensetime/ws/unified-senseauto/sensetime-main/LiDAR-SLAM/3rdparty/glog/build/CMakeFiles/CMakeTmp/src.cxx
/home/sensetime/ws/unified-senseauto/sensetime-main/LiDAR-SLAM/3rdparty/glog/build/CMakeFiles/CMakeTmp/src.cxx:2:1: error: ‘thread_local’ does not name a type
 thread_local int tls;
 ^
/home/sensetime/ws/unified-senseauto/sensetime-main/LiDAR-SLAM/3rdparty/glog/build/CMakeFiles/CMakeTmp/src.cxx:2:1: note: C++11 ‘thread_local’ only available with -std=c++11 or -std=gnu++11
CMakeFiles/cmTC_5881d.dir/build.make:77: recipe for target 'CMakeFiles/cmTC_5881d.dir/src.cxx.o' failed
make[1]: *** [CMakeFiles/cmTC_5881d.dir/src.cxx.o] Error 1
make[1]: Leaving directory '/home/sensetime/ws/unified-senseauto/sensetime-main/LiDAR-SLAM/3rdparty/glog/build/CMakeFiles/CMakeTmp'
Makefile:127: recipe for target 'cmTC_5881d/fast' failed
make: *** [cmTC_5881d/fast] Error 2


Source file was:

thread_local int tls;
int main() { }

Performing C++ SOURCE FILE Test HAVE_ALIGNED_STORAGE failed with the following output:
Change Dir: /home/sensetime/ws/unified-senseauto/sensetime-main/LiDAR-SLAM/3rdparty/glog/build/CMakeFiles/CMakeTmp

Run Build Command(s):/usr/bin/make -f Makefile cmTC_68fbc/fast && /usr/bin/make  -f CMakeFiles/cmTC_68fbc.dir/build.make CMakeFiles/cmTC_68fbc.dir/build
make[1]: Entering directory '/home/sensetime/ws/unified-senseauto/sensetime-main/LiDAR-SLAM/3rdparty/glog/build/CMakeFiles/CMakeTmp'
Building CXX object CMakeFiles/cmTC_68fbc.dir/src.cxx.o
/usr/bin/c++ -DHAVE_ALIGNED_STORAGE  -fPIE -o CMakeFiles/cmTC_68fbc.dir/src.cxx.o -c /home/sensetime/ws/unified-senseauto/sensetime-main/LiDAR-SLAM/3rdparty/glog/build/CMakeFiles/CMakeTmp/src.cxx
In file included from /usr/include/c++/5/type_traits:35:0,
                 from /home/sensetime/ws/unified-senseauto/sensetime-main/LiDAR-SLAM/3rdparty/glog/build/CMakeFiles/CMakeTmp/src.cxx:2:
/usr/include/c++/5/bits/c++0x_warning.h:32:2: error: #error This file requires compiler and library support for the ISO C++ 2011 standard. This support must be enabled with the -std=c++11 or -std=gnu++11 compiler options.
 #error This file requires compiler and library support \
  ^
/home/sensetime/ws/unified-senseauto/sensetime-main/LiDAR-SLAM/3rdparty/glog/build/CMakeFiles/CMakeTmp/src.cxx:3:6: error: ‘aligned_storage’ in namespace ‘std’ does not name a template type
 std::aligned_storage<sizeof(char), alignof(char)>::type data;
      ^
CMakeFiles/cmTC_68fbc.dir/build.make:77: recipe for target 'CMakeFiles/cmTC_68fbc.dir/src.cxx.o' failed
make[1]: *** [CMakeFiles/cmTC_68fbc.dir/src.cxx.o] Error 1
make[1]: Leaving directory '/home/sensetime/ws/unified-senseauto/sensetime-main/LiDAR-SLAM/3rdparty/glog/build/CMakeFiles/CMakeTmp'
Makefile:127: recipe for target 'cmTC_68fbc/fast' failed
make: *** [cmTC_68fbc/fast] Error 2


Source file was:

#include <type_traits>
std::aligned_storage<sizeof(char), alignof(char)>::type data;
int main() { }

Performing C++ SOURCE FILE Test HAVE_CXX11_ATOMIC failed with the following output:
Change Dir: /home/sensetime/ws/unified-senseauto/sensetime-main/LiDAR-SLAM/3rdparty/glog/build/CMakeFiles/CMakeTmp

Run Build Command(s):/usr/bin/make -f Makefile cmTC_eff3a/fast && /usr/bin/make  -f CMakeFiles/cmTC_eff3a.dir/build.make CMakeFiles/cmTC_eff3a.dir/build
make[1]: Entering directory '/home/sensetime/ws/unified-senseauto/sensetime-main/LiDAR-SLAM/3rdparty/glog/build/CMakeFiles/CMakeTmp'
Building CXX object CMakeFiles/cmTC_eff3a.dir/src.cxx.o
/usr/bin/c++ -DHAVE_CXX11_ATOMIC  -fPIE -o CMakeFiles/cmTC_eff3a.dir/src.cxx.o -c /home/sensetime/ws/unified-senseauto/sensetime-main/LiDAR-SLAM/3rdparty/glog/build/CMakeFiles/CMakeTmp/src.cxx
In file included from /usr/include/c++/5/atomic:38:0,
                 from /home/sensetime/ws/unified-senseauto/sensetime-main/LiDAR-SLAM/3rdparty/glog/build/CMakeFiles/CMakeTmp/src.cxx:2:
/usr/include/c++/5/bits/c++0x_warning.h:32:2: error: #error This file requires compiler and library support for the ISO C++ 2011 standard. This support must be enabled with the -std=c++11 or -std=gnu++11 compiler options.
 #error This file requires compiler and library support \
  ^
/home/sensetime/ws/unified-senseauto/sensetime-main/LiDAR-SLAM/3rdparty/glog/build/CMakeFiles/CMakeTmp/src.cxx:3:6: error: ‘atomic’ in namespace ‘std’ does not name a template type
 std::atomic<int> i;
      ^
CMakeFiles/cmTC_eff3a.dir/build.make:77: recipe for target 'CMakeFiles/cmTC_eff3a.dir/src.cxx.o' failed
make[1]: *** [CMakeFiles/cmTC_eff3a.dir/src.cxx.o] Error 1
make[1]: Leaving directory '/home/sensetime/ws/unified-senseauto/sensetime-main/LiDAR-SLAM/3rdparty/glog/build/CMakeFiles/CMakeTmp'
Makefile:127: recipe for target 'cmTC_eff3a/fast' failed
make: *** [cmTC_eff3a/fast] Error 2


Source file was:

#include <atomic>
std::atomic<int> i;
int main() { }

Performing C++ SOURCE FILE Test HAVE_CXX11_CONSTEXPR failed with the following output:
Change Dir: /home/sensetime/ws/unified-senseauto/sensetime-main/LiDAR-SLAM/3rdparty/glog/build/CMakeFiles/CMakeTmp

Run Build Command(s):/usr/bin/make -f Makefile cmTC_a118c/fast && /usr/bin/make  -f CMakeFiles/cmTC_a118c.dir/build.make CMakeFiles/cmTC_a118c.dir/build
make[1]: Entering directory '/home/sensetime/ws/unified-senseauto/sensetime-main/LiDAR-SLAM/3rdparty/glog/build/CMakeFiles/CMakeTmp'
Building CXX object CMakeFiles/cmTC_a118c.dir/src.cxx.o
/usr/bin/c++ -DHAVE_CXX11_CONSTEXPR  -fPIE -o CMakeFiles/cmTC_a118c.dir/src.cxx.o -c /home/sensetime/ws/unified-senseauto/sensetime-main/LiDAR-SLAM/3rdparty/glog/build/CMakeFiles/CMakeTmp/src.cxx
/home/sensetime/ws/unified-senseauto/sensetime-main/LiDAR-SLAM/3rdparty/glog/build/CMakeFiles/CMakeTmp/src.cxx:2:1: error: ‘constexpr’ does not name a type
 constexpr int x = 0;
 ^
/home/sensetime/ws/unified-senseauto/sensetime-main/LiDAR-SLAM/3rdparty/glog/build/CMakeFiles/CMakeTmp/src.cxx:2:1: note: C++11 ‘constexpr’ only available with -std=c++11 or -std=gnu++11
CMakeFiles/cmTC_a118c.dir/build.make:77: recipe for target 'CMakeFiles/cmTC_a118c.dir/src.cxx.o' failed
make[1]: *** [CMakeFiles/cmTC_a118c.dir/src.cxx.o] Error 1
make[1]: Leaving directory '/home/sensetime/ws/unified-senseauto/sensetime-main/LiDAR-SLAM/3rdparty/glog/build/CMakeFiles/CMakeTmp'
Makefile:127: recipe for target 'cmTC_a118c/fast' failed
make: *** [cmTC_a118c/fast] Error 2


Source file was:

constexpr int x = 0;
int main() { }

Performing C++ SOURCE FILE Test HAVE_CXX11_CHRONO failed with the following output:
Change Dir: /home/sensetime/ws/unified-senseauto/sensetime-main/LiDAR-SLAM/3rdparty/glog/build/CMakeFiles/CMakeTmp

Run Build Command(s):/usr/bin/make -f Makefile cmTC_f05f6/fast && /usr/bin/make  -f CMakeFiles/cmTC_f05f6.dir/build.make CMakeFiles/cmTC_f05f6.dir/build
make[1]: Entering directory '/home/sensetime/ws/unified-senseauto/sensetime-main/LiDAR-SLAM/3rdparty/glog/build/CMakeFiles/CMakeTmp'
Building CXX object CMakeFiles/cmTC_f05f6.dir/src.cxx.o
/usr/bin/c++ -DHAVE_CXX11_CHRONO  -fPIE -o CMakeFiles/cmTC_f05f6.dir/src.cxx.o -c /home/sensetime/ws/unified-senseauto/sensetime-main/LiDAR-SLAM/3rdparty/glog/build/CMakeFiles/CMakeTmp/src.cxx
In file included from /usr/include/c++/5/chrono:35:0,
                 from /home/sensetime/ws/unified-senseauto/sensetime-main/LiDAR-SLAM/3rdparty/glog/build/CMakeFiles/CMakeTmp/src.cxx:2:
/usr/include/c++/5/bits/c++0x_warning.h:32:2: error: #error This file requires compiler and library support for the ISO C++ 2011 standard. This support must be enabled with the -std=c++11 or -std=gnu++11 compiler options.
 #error This file requires compiler and library support \
  ^
/home/sensetime/ws/unified-senseauto/sensetime-main/LiDAR-SLAM/3rdparty/glog/build/CMakeFiles/CMakeTmp/src.cxx:3:6: error: ‘chrono’ in namespace ‘std’ does not name a type
 std::chrono::seconds s;
      ^
CMakeFiles/cmTC_f05f6.dir/build.make:77: recipe for target 'CMakeFiles/cmTC_f05f6.dir/src.cxx.o' failed
make[1]: *** [CMakeFiles/cmTC_f05f6.dir/src.cxx.o] Error 1
make[1]: Leaving directory '/home/sensetime/ws/unified-senseauto/sensetime-main/LiDAR-SLAM/3rdparty/glog/build/CMakeFiles/CMakeTmp'
Makefile:127: recipe for target 'cmTC_f05f6/fast' failed
make: *** [cmTC_f05f6/fast] Error 2


Source file was:

#include <chrono>
std::chrono::seconds s;
int main() { }

Performing C++ SOURCE FILE Test HAVE_CXX11_NULLPTR_T failed with the following output:
Change Dir: /home/sensetime/ws/unified-senseauto/sensetime-main/LiDAR-SLAM/3rdparty/glog/build/CMakeFiles/CMakeTmp

Run Build Command(s):/usr/bin/make -f Makefile cmTC_179fc/fast && /usr/bin/make  -f CMakeFiles/cmTC_179fc.dir/build.make CMakeFiles/cmTC_179fc.dir/build
make[1]: Entering directory '/home/sensetime/ws/unified-senseauto/sensetime-main/LiDAR-SLAM/3rdparty/glog/build/CMakeFiles/CMakeTmp'
Building CXX object CMakeFiles/cmTC_179fc.dir/src.cxx.o
/usr/bin/c++ -DHAVE_CXX11_NULLPTR_T  -fPIE -o CMakeFiles/cmTC_179fc.dir/src.cxx.o -c /home/sensetime/ws/unified-senseauto/sensetime-main/LiDAR-SLAM/3rdparty/glog/build/CMakeFiles/CMakeTmp/src.cxx
/home/sensetime/ws/unified-senseauto/sensetime-main/LiDAR-SLAM/3rdparty/glog/build/CMakeFiles/CMakeTmp/src.cxx:3:24: error: variable or field ‘foo’ declared void
 void foo(std::nullptr_t) {}
                        ^
/home/sensetime/ws/unified-senseauto/sensetime-main/LiDAR-SLAM/3rdparty/glog/build/CMakeFiles/CMakeTmp/src.cxx:3:10: error: ‘nullptr_t’ is not a member of ‘std’
 void foo(std::nullptr_t) {}
          ^
/home/sensetime/ws/unified-senseauto/sensetime-main/LiDAR-SLAM/3rdparty/glog/build/CMakeFiles/CMakeTmp/src.cxx: In function ‘int main()’:
/home/sensetime/ws/unified-senseauto/sensetime-main/LiDAR-SLAM/3rdparty/glog/build/CMakeFiles/CMakeTmp/src.cxx:4:22: error: ‘nullptr’ was not declared in this scope
 int main(void) { foo(nullptr); }
                      ^
/home/sensetime/ws/unified-senseauto/sensetime-main/LiDAR-SLAM/3rdparty/glog/build/CMakeFiles/CMakeTmp/src.cxx:4:29: error: ‘foo’ was not declared in this scope
 int main(void) { foo(nullptr); }
                             ^
CMakeFiles/cmTC_179fc.dir/build.make:77: recipe for target 'CMakeFiles/cmTC_179fc.dir/src.cxx.o' failed
make[1]: *** [CMakeFiles/cmTC_179fc.dir/src.cxx.o] Error 1
make[1]: Leaving directory '/home/sensetime/ws/unified-senseauto/sensetime-main/LiDAR-SLAM/3rdparty/glog/build/CMakeFiles/CMakeTmp'
Makefile:127: recipe for target 'cmTC_179fc/fast' failed
make: *** [cmTC_179fc/fast] Error 2


Source file was:

#include <cstddef>
void foo(std::nullptr_t) {}
int main(void) { foo(nullptr); }

